<?xml version="1.0" encoding="UTF-8"?>
<coverage generated="1611960538362" clover="3.2.0">
  <project timestamp="1611960538363" name="All files">
    <metrics statements="25" coveredstatements="25" conditionals="20" coveredconditionals="19" methods="3" coveredmethods="3" elements="48" coveredelements="47" complexity="0" loc="25" ncloc="25" packages="1" files="3" classes="3"/>
    <file name="closestLeap.js" path="/Users/emanuele/Projects2/Workshops/esercizio2701/closestLeap.js">
      <metrics statements="9" coveredstatements="9" conditionals="6" coveredconditionals="6" methods="1" coveredmethods="1"/>
      <line num="1" count="1" type="stmt"/>
      <line num="4" count="4" type="cond" truecount="2" falsecount="0"/>
      <line num="5" count="1" type="stmt"/>
      <line num="6" count="3" type="cond" truecount="2" falsecount="0"/>
      <line num="7" count="1" type="stmt"/>
      <line num="8" count="2" type="cond" truecount="2" falsecount="0"/>
      <line num="9" count="1" type="stmt"/>
      <line num="11" count="1" type="stmt"/>
      <line num="15" count="1" type="stmt"/>
    </file>
    <file name="leapYear.js" path="/Users/emanuele/Projects2/Workshops/esercizio2701/leapYear.js">
      <metrics statements="9" coveredstatements="9" conditionals="12" coveredconditionals="11" methods="1" coveredmethods="1"/>
      <line num="2" count="35" type="cond" truecount="2" falsecount="0"/>
      <line num="3" count="6" type="stmt"/>
      <line num="4" count="29" type="cond" truecount="4" falsecount="0"/>
      <line num="5" count="1" type="stmt"/>
      <line num="6" count="28" type="cond" truecount="4" falsecount="0"/>
      <line num="7" count="5" type="stmt"/>
      <line num="8" count="23" type="cond" truecount="1" falsecount="1"/>
      <line num="9" count="23" type="stmt"/>
      <line num="13" count="1" type="stmt"/>
    </file>
    <file name="leapYearInBetween.js" path="/Users/emanuele/Projects2/Workshops/esercizio2701/leapYearInBetween.js">
      <metrics statements="7" coveredstatements="7" conditionals="2" coveredconditionals="2" methods="1" coveredmethods="1"/>
      <line num="1" count="1" type="stmt"/>
      <line num="3" count="1" type="stmt"/>
      <line num="6" count="1" type="stmt"/>
      <line num="7" count="21" type="cond" truecount="2" falsecount="0"/>
      <line num="8" count="5" type="stmt"/>
      <line num="11" count="1" type="stmt"/>
      <line num="14" count="1" type="stmt"/>
    </file>
  </project>
</coverage>
