TN:
SF:closestLeap.js
FN:3,closestLeap
FNF:1
FNH:1
FNDA:4,closestLeap
DA:1,1
DA:4,4
DA:5,1
DA:6,3
DA:7,1
DA:8,2
DA:9,1
DA:11,1
DA:15,1
LF:9
LH:9
BRDA:4,0,0,1
BRDA:4,0,1,3
BRDA:6,1,0,1
BRDA:6,1,1,2
BRDA:8,2,0,1
BRDA:8,2,1,1
BRF:6
BRH:6
end_of_record
TN:
SF:leapYear.js
FN:1,leapYear
FNF:1
FNH:1
FNDA:35,leapYear
DA:2,35
DA:3,6
DA:4,29
DA:5,1
DA:6,28
DA:7,5
DA:8,23
DA:9,23
DA:13,1
LF:9
LH:9
BRDA:2,0,0,6
BRDA:2,0,1,29
BRDA:4,1,0,1
BRDA:4,1,1,28
BRDA:4,2,0,29
BRDA:4,2,1,1
BRDA:6,3,0,5
BRDA:6,3,1,23
BRDA:6,4,0,28
BRDA:6,4,1,5
BRDA:8,5,0,23
BRDA:8,5,1,0
BRF:12
BRH:11
end_of_record
TN:
SF:leapYearInBetween.js
FN:5,leapYearInBetween
FNF:1
FNH:1
FNDA:1,leapYearInBetween
DA:1,1
DA:3,1
DA:6,1
DA:7,21
DA:8,5
DA:11,1
DA:14,1
LF:7
LH:7
BRDA:7,0,0,5
BRDA:7,0,1,16
BRF:2
BRH:2
end_of_record
